<?xml version="1.0" encoding="UTF-8"?>
<!-- Generated by org.testng.reporters.JUnitReportReporter -->
<testsuite skipped="0" hostname="192-168-1-4.tpgi.com.au" name="AppiumGridTest" tests="2" failures="0" timestamp="02 Aug 2019 07:36:35 GMT" time="57.359" errors="0">
  <testcase name="testIOS_2" time="25.592" classname="AppiumGridTest"/>
  <testcase name="testAndroid" time="31.767" classname="AppiumGridTest"/>
</testsuite> <!-- AppiumGridTest -->
