<?xml version="1.0" encoding="UTF-8"?>
<!-- Generated by org.testng.reporters.JUnitReportReporter -->
<testsuite skipped="0" hostname="192-168-1-4.tpgi.com.au" name="com.testingfoo.grid.AppiumGridTest" tests="2" failures="0" timestamp="02 Aug 2019 08:25:11 GMT" time="39.228" errors="0">
  <testcase name="testAndroid" time="17.558" classname="com.testingfoo.grid.AppiumGridTest"/>
  <testcase name="testIOS_2" time="21.670" classname="com.testingfoo.grid.AppiumGridTest"/>
</testsuite> <!-- com.testingfoo.grid.AppiumGridTest -->
